✓ 145 modules trouvés
✓ 145 notes générées dans /home/etienne/monark-vault/08-Codebase/
✓ _Index Codebase.md généré
  (Dashboard déjà à jour — section Codebase présente)
[main f8d36f0] Auto-update codebase map 2026-04-13_12:00
 2 files changed, 13 insertions(+)
 create mode 100755 auto_update_vault.sh
 create mode 100644 cron.log
To github.com:Arkaniix/monark-vault.git
   884e363..f8d36f0  main -> main
✓ 145 modules trouvés
✓ 145 notes générées dans /home/etienne/monark-vault/08-Codebase/
✓ _Index Codebase.md généré
  (Dashboard déjà à jour — section Codebase présente)
[main d2ada32] Auto-update codebase map 2026-04-13_18:00
 1 file changed, 10 insertions(+)
To github.com:Arkaniix/monark-vault.git
   f8d36f0..d2ada32  main -> main
✓ 145 modules trouvés
✓ 145 notes générées dans /home/etienne/monark-vault/08-Codebase/
✓ _Index Codebase.md généré
  (Dashboard déjà à jour — section Codebase présente)
[main 5b34fed] Auto-update codebase map 2026-04-14_00:00
 1 file changed, 8 insertions(+)
To github.com:Arkaniix/monark-vault.git
   d2ada32..5b34fed  main -> main
✓ 145 modules trouvés
✓ 145 notes générées dans /home/etienne/monark-vault/08-Codebase/
✓ _Index Codebase.md généré
  (Dashboard déjà à jour — section Codebase présente)
[main 77a8545] Auto-update codebase map 2026-04-14_06:00
 1 file changed, 8 insertions(+)
To github.com:Arkaniix/monark-vault.git
   5b34fed..77a8545  main -> main
✓ 145 modules trouvés
✓ 145 notes générées dans /home/etienne/monark-vault/08-Codebase/
✓ _Index Codebase.md généré
  (Dashboard déjà à jour — section Codebase présente)
[main 7800f48] Auto-update codebase map 2026-04-14_12:00
 1 file changed, 8 insertions(+)
To github.com:Arkaniix/monark-vault.git
   77a8545..7800f48  main -> main
✓ 145 modules trouvés
✓ 145 notes générées dans /home/etienne/monark-vault/08-Codebase/
✓ _Index Codebase.md généré
  (Dashboard déjà à jour — section Codebase présente)
[main 2042f2b] Auto-update codebase map 2026-04-14_18:00
 1 file changed, 8 insertions(+)
To github.com:Arkaniix/monark-vault.git
   7800f48..2042f2b  main -> main
✓ 145 modules trouvés
✓ 145 notes générées dans /home/etienne/monark-vault/08-Codebase/
✓ _Index Codebase.md généré
  (Dashboard déjà à jour — section Codebase présente)
[main f1e256f] Auto-update codebase map 2026-04-15_00:00
 1 file changed, 8 insertions(+)
To github.com:Arkaniix/monark-vault.git
   2042f2b..f1e256f  main -> main
✓ 145 modules trouvés
✓ 145 notes générées dans /home/etienne/monark-vault/08-Codebase/
✓ _Index Codebase.md généré
  (Dashboard déjà à jour — section Codebase présente)
[main 6ce7f3b] Auto-update codebase map 2026-04-15_06:00
 1 file changed, 8 insertions(+)
To github.com:Arkaniix/monark-vault.git
   f1e256f..6ce7f3b  main -> main
✓ 145 modules trouvés
✓ 145 notes générées dans /home/etienne/monark-vault/08-Codebase/
✓ _Index Codebase.md généré
  (Dashboard déjà à jour — section Codebase présente)
[main 0adb242] Auto-update codebase map 2026-04-15_12:00
 1 file changed, 8 insertions(+)
To github.com:Arkaniix/monark-vault.git
   6ce7f3b..0adb242  main -> main
✓ 145 modules trouvés
✓ 145 notes générées dans /home/etienne/monark-vault/08-Codebase/
✓ _Index Codebase.md généré
  (Dashboard déjà à jour — section Codebase présente)
[main fbcf82a] Auto-update codebase map 2026-04-15_18:00
 1 file changed, 8 insertions(+)
To github.com:Arkaniix/monark-vault.git
   0adb242..fbcf82a  main -> main
✓ 145 modules trouvés
✓ 145 notes générées dans /home/etienne/monark-vault/08-Codebase/
✓ _Index Codebase.md généré
  (Dashboard déjà à jour — section Codebase présente)
